2015-01-05 10:44:29.438 INFO [main][WorkFlowTest.java:107] - deploy id = 52501
2015-01-05 10:44:29.533 INFO [main][WorkFlowTest.java:114] - taskid = 52508task name = 部门经理审批
2015-01-05 10:46:00.419 INFO [main][WorkFlowTest.java:107] - deploy id = 55001
2015-01-05 10:46:00.705 INFO [main][WorkFlowTest.java:114] - taskid = 52508task name = 部门经理审批
2015-01-05 10:46:00.950 INFO [main][WorkFlowTest.java:114] - taskid = 55008task name = 部门经理审批
2015-01-05 10:46:01.010 INFO [main][WorkFlowTest.java:125] - 流程已结束
2015-01-05 10:50:04.499 INFO [main][WorkFlowTest.java:107] - deploy id = 57501
2015-01-05 10:50:04.716 INFO [main][WorkFlowTest.java:114] - taskid = 57508task name = 部门经理审批
2015-01-05 10:50:04.935 INFO [main][WorkFlowTest.java:124] - 流程还在继续
2015-01-05 10:50:04.938 INFO [main][WorkFlowTest.java:131] - taskid = 57512task name = 总经理审批
2015-01-05 10:50:05.060 INFO [main][WorkFlowTest.java:138] - 流程还在继续
2015-01-05 10:50:25.797 INFO [main][WorkFlowTest.java:107] - deploy id = 60001
2015-01-05 10:50:26.054 INFO [main][WorkFlowTest.java:114] - taskid = 60008task name = 部门经理审批
2015-01-05 10:50:26.285 INFO [main][WorkFlowTest.java:124] - 流程还在继续
2015-01-05 10:50:26.285 INFO [main][WorkFlowTest.java:131] - taskid = 60012task name = 总经理审批
2015-01-05 10:50:26.429 INFO [main][WorkFlowTest.java:140] - 流程已结束
2015-01-05 10:51:17.418 INFO [main][WorkFlowTest.java:107] - deploy id = 62501
2015-01-05 10:51:17.529 INFO [main][WorkFlowTest.java:114] - taskid = 62508task name = 部门经理审批
2015-01-05 10:51:17.707 INFO [main][WorkFlowTest.java:126] - 流程已结束
2015-01-05 13:03:46.158 INFO [main][WorkFlowTest.java:154] - deploy id = 67501
2015-01-05 13:03:46.687 INFO [main][WorkFlowTest.java:167] - task id = 67513 task name =经理审批 assignee = 王五
2015-01-05 13:03:46.875 INFO [main][WorkFlowTest.java:185] - 流程已结束
2015-01-05 13:05:51.173 INFO [main][WorkFlowTest.java:154] - deploy id = 70001
2015-01-05 13:05:51.558 INFO [main][WorkFlowTest.java:167] - task id = 70013 task name =经理审批 assignee = 经理
2015-01-05 13:05:51.704 INFO [main][WorkFlowTest.java:185] - 流程已结束
2015-01-05 13:06:07.458 INFO [main][WorkFlowTest.java:154] - deploy id = 72501
2015-01-05 13:06:07.979 INFO [main][WorkFlowTest.java:167] - task id = 72513 task name =总经理审批 assignee = 总经理
2015-01-05 13:06:07.985 INFO [main][WorkFlowTest.java:183] - 流程还在继续
2015-01-05 13:06:20.882 INFO [main][WorkFlowTest.java:154] - deploy id = 75001
2015-01-05 13:06:21.121 INFO [main][WorkFlowTest.java:167] - task id = 72513 task name =总经理审批 assignee = 总经理
2015-01-05 13:06:21.121 INFO [main][WorkFlowTest.java:167] - task id = 75013 task name =财务 assignee = 财务
2015-01-05 13:06:21.122 INFO [main][WorkFlowTest.java:183] - 流程还在继续
2015-01-05 13:08:19.849 INFO [main][WorkFlowTest.java:154] - deploy id = 77501
2015-01-05 13:08:20.135 INFO [main][WorkFlowTest.java:167] - task id = 72513 task name =总经理审批 assignee = 总经理
2015-01-05 13:08:20.136 INFO [main][WorkFlowTest.java:167] - task id = 75013 task name =财务 assignee = 财务
2015-01-05 13:08:20.136 INFO [main][WorkFlowTest.java:167] - task id = 77513 task name =财务 assignee = 财务
2015-01-05 13:08:20.140 INFO [main][WorkFlowTest.java:183] - 流程还在继续
2015-01-05 13:12:29.528 INFO [main][WorkFlowTest.java:154] - deploy id = 80001
2015-01-05 13:12:30.026 INFO [main][WorkFlowTest.java:167] - task id = 72513 task name =总经理审批 assignee = 总经理
2015-01-05 13:12:30.027 INFO [main][WorkFlowTest.java:167] - task id = 75013 task name =财务 assignee = 财务
2015-01-05 13:12:30.027 INFO [main][WorkFlowTest.java:167] - task id = 77513 task name =财务 assignee = 财务
2015-01-05 13:12:30.027 INFO [main][WorkFlowTest.java:167] - task id = 80013 task name =财务 assignee = 财务
2015-01-05 13:12:30.332 INFO [main][WorkFlowTest.java:193] - 流程已结束
2015-01-05 13:12:47.382 INFO [main][WorkFlowTest.java:154] - deploy id = 82501
2015-01-05 13:12:47.597 INFO [main][WorkFlowTest.java:167] - task id = 72513 task name =总经理审批 assignee = 总经理
2015-01-05 13:12:47.598 INFO [main][WorkFlowTest.java:167] - task id = 82513 task name =财务 assignee = 财务
2015-01-05 13:12:47.605 INFO [main][WorkFlowTest.java:191] - 流程还在继续
2015-01-05 13:13:40.743 INFO [main][WorkFlowTest.java:154] - deploy id = 85001
2015-01-05 13:13:41.066 INFO [main][WorkFlowTest.java:167] - task id = 72513 task name =总经理审批 assignee = 总经理
2015-01-05 13:13:41.066 INFO [main][WorkFlowTest.java:167] - task id = 82513 task name =财务 assignee = 财务
2015-01-05 13:13:41.067 INFO [main][WorkFlowTest.java:167] - task id = 85013 task name =财务 assignee = 财务
2015-01-05 13:13:41.319 INFO [main][WorkFlowTest.java:183] - is end =false
2015-01-05 13:13:41.322 INFO [main][WorkFlowTest.java:195] - 流程已结束
2015-01-05 14:34:01.198 INFO [main][WorkFlowTest.java:199] - deploy id = 87501
2015-01-05 14:34:02.007 INFO [main][WorkFlowTest.java:236] - 流程还在继续
2015-01-05 14:34:02.142 INFO [main][WorkFlowTest.java:236] - 流程还在继续
2015-01-05 14:34:02.202 INFO [main][WorkFlowTest.java:236] - 流程还在继续
2015-01-05 14:35:15.323 INFO [main][WorkFlowTest.java:199] - deploy id = 90001
2015-01-05 14:35:15.696 INFO [main][WorkFlowTest.java:229] - task id =90011 task name = 发货 task assignee = 商家
2015-01-05 14:35:15.697 INFO [main][WorkFlowTest.java:229] - task id =90014 task name = 付款 task assignee = 购买人
2015-01-05 14:35:15.771 INFO [main][WorkFlowTest.java:229] - task id =90011 task name = 发货 task assignee = 商家
2015-01-05 14:35:15.772 INFO [main][WorkFlowTest.java:229] - task id =90017 task name = 收货 task assignee = 购买人
2015-01-05 14:35:15.772 INFO [main][WorkFlowTest.java:236] - 流程还在继续
2015-01-05 14:35:15.883 INFO [main][WorkFlowTest.java:229] - task id =90017 task name = 收货 task assignee = 购买人
2015-01-05 14:35:15.883 INFO [main][WorkFlowTest.java:229] - task id =90019 task name = 收款 task assignee = 商家
2015-01-05 14:35:15.883 INFO [main][WorkFlowTest.java:236] - 流程还在继续
2015-01-05 14:35:15.945 INFO [main][WorkFlowTest.java:229] - task id =90017 task name = 收货 task assignee = 购买人
2015-01-05 14:35:15.946 INFO [main][WorkFlowTest.java:236] - 流程还在继续
2015-01-05 14:36:39.494 INFO [main][WorkFlowTest.java:199] - deploy id = 92501
2015-01-05 14:36:39.808 INFO [main][WorkFlowTest.java:230] - task id =92511 task name = 发货 task assignee = 商家
2015-01-05 14:36:39.809 INFO [main][WorkFlowTest.java:230] - task id =92514 task name = 付款 task assignee = 购买人
2015-01-05 14:36:39.985 INFO [main][WorkFlowTest.java:230] - task id =92511 task name = 发货 task assignee = 商家
2015-01-05 14:36:39.986 INFO [main][WorkFlowTest.java:230] - task id =92517 task name = 收货 task assignee = 购买人
2015-01-05 14:36:39.986 INFO [main][WorkFlowTest.java:239] - 流程还在继续
2015-01-05 14:36:40.051 INFO [main][WorkFlowTest.java:230] - task id =92517 task name = 收货 task assignee = 购买人
2015-01-05 14:36:40.052 INFO [main][WorkFlowTest.java:230] - task id =92519 task name = 收款 task assignee = 商家
2015-01-05 14:36:40.052 INFO [main][WorkFlowTest.java:239] - 流程还在继续
2015-01-05 14:36:40.124 INFO [main][WorkFlowTest.java:230] - task id =92517 task name = 收货 task assignee = 购买人
2015-01-05 14:36:40.124 INFO [main][WorkFlowTest.java:239] - 流程还在继续
2015-01-05 14:36:40.344 INFO [main][WorkFlowTest.java:241] - 流程已结束
2015-01-05 14:37:46.229 INFO [main][WorkFlowTest.java:199] - deploy id = 95001
2015-01-05 14:37:46.580 INFO [main][WorkFlowTest.java:230] - task id =95011 task name = 发货 task assignee = 商家
2015-01-05 14:37:46.580 INFO [main][WorkFlowTest.java:230] - task id =95014 task name = 付款 task assignee = 购买人
2015-01-05 14:37:46.580 INFO [main][WorkFlowTest.java:232] - =============================
2015-01-05 14:37:46.666 INFO [main][WorkFlowTest.java:230] - task id =95011 task name = 发货 task assignee = 商家
2015-01-05 14:37:46.667 INFO [main][WorkFlowTest.java:230] - task id =95017 task name = 收货 task assignee = 购买人
2015-01-05 14:37:46.667 INFO [main][WorkFlowTest.java:232] - =============================
2015-01-05 14:37:46.667 INFO [main][WorkFlowTest.java:239] - 流程还在继续
2015-01-05 14:37:46.738 INFO [main][WorkFlowTest.java:230] - task id =95017 task name = 收货 task assignee = 购买人
2015-01-05 14:37:46.739 INFO [main][WorkFlowTest.java:230] - task id =95019 task name = 收款 task assignee = 商家
2015-01-05 14:37:46.739 INFO [main][WorkFlowTest.java:232] - =============================
2015-01-05 14:37:46.739 INFO [main][WorkFlowTest.java:239] - 流程还在继续
2015-01-05 14:37:46.821 INFO [main][WorkFlowTest.java:230] - task id =95017 task name = 收货 task assignee = 购买人
2015-01-05 14:37:46.822 INFO [main][WorkFlowTest.java:232] - =============================
2015-01-05 14:37:46.822 INFO [main][WorkFlowTest.java:239] - 流程还在继续
2015-01-05 14:37:47.131 INFO [main][WorkFlowTest.java:241] - 流程已结束
